# JRE version: OpenJDK Runtime Environment (17.0.11) (build 17.0.11+0--11852314)
# Java VM: OpenJDK 64-Bit Server VM (17.0.11+0--11852314, mixed mode, tiered, compressed oops, compressed class ptrs, g1 gc, windows-amd64)
GC Precious Log:
 CPUs: 4 total, 4 available
 Memory: 8080M
 Large Page Support: Disabled
 NUMA Support: Disabled
 Compressed Oops: Enabled (32-bit)
 Heap Region Size: 1M
 Heap Min Capacity: 8M
 Heap Initial Capacity: 128M
 Heap Max Capacity: 2G
 Pre-touch: Disabled
 Parallel Workers: 4
 Concurrent Workers: 1
 Concurrent Refinement Workers: 4
 Periodic GC: Disabled
Heap:
 garbage-first heap   total 165888K, used 90294K [0x0000000080000000, 0x0000000100000000)
  region size 1024K, 5 young (5120K), 5 survivors (5120K)
 Metaspace       used 87433K, committed 88064K, reserved 1179648K
  class space    used 11873K, committed 12160K, reserved 1048576K
GC Heap History (20 events):
Event: 15.599 GC heap after
{Heap after GC invocations=24 (full 0):
 garbage-first heap   total 109568K, used 66773K [0x0000000080000000, 0x0000000100000000)
  region size 1024K, 1 young (1024K), 1 survivors (1024K)
 Metaspace       used 60407K, committed 60992K, reserved 1114112K
  class space    used 8155K, committed 8448K, reserved 1048576K
}
Event: 16.001 GC heap before
{Heap before GC invocations=25 (full 0):
 garbage-first heap   total 121856K, used 84181K [0x0000000080000000, 0x0000000100000000)
  region size 1024K, 19 young (19456K), 1 survivors (1024K)
 Metaspace       used 62166K, committed 62720K, reserved 1114112K
  class space    used 8342K, committed 8576K, reserved 1048576K
}
Event: 16.005 GC heap after
{Heap after GC invocations=26 (full 0):
 garbage-first heap   total 121856K, used 67198K [0x0000000080000000, 0x0000000100000000)
  region size 1024K, 2 young (2048K), 2 survivors (2048K)
 Metaspace       used 62166K, committed 62720K, reserved 1114112K
  class space    used 8342K, committed 8576K, reserved 1048576K
}
Event: 16.061 GC heap before
{Heap before GC invocations=26 (full 0):
 garbage-first heap   total 121856K, used 69246K [0x0000000080000000, 0x0000000100000000)
  region size 1024K, 5 young (5120K), 2 survivors (2048K)
 Metaspace       used 62513K, committed 63104K, reserved 1114112K
  class space    used 8372K, committed 8640K, reserved 1048576K
}
Event: 16.064 GC heap after
{Heap after GC invocations=27 (full 0):
 garbage-first heap   total 121856K, used 66780K [0x0000000080000000, 0x0000000100000000)
  region size 1024K, 1 young (1024K), 1 survivors (1024K)
 Metaspace       used 62513K, committed 63104K, reserved 1114112K
  class space    used 8372K, committed 8640K, reserved 1048576K
}
Event: 16.549 GC heap before
{Heap before GC invocations=27 (full 0):
 garbage-first heap   total 121856K, used 92380K [0x0000000080000000, 0x0000000100000000)
  region size 1024K, 27 young (27648K), 1 survivors (1024K)
 Metaspace       used 65517K, committed 66048K, reserved 1114112K
  class space    used 8701K, committed 8896K, reserved 1048576K
}
Event: 16.554 GC heap after
{Heap after GC invocations=28 (full 0):
 garbage-first heap   total 165888K, used 67284K [0x0000000080000000, 0x0000000100000000)
  region size 1024K, 2 young (2048K), 2 survivors (2048K)
 Metaspace       used 65517K, committed 66048K, reserved 1114112K
  class space    used 8701K, committed 8896K, reserved 1048576K
}
Event: 18.011 GC heap before
{Heap before GC invocations=29 (full 0):
 garbage-first heap   total 165888K, used 124628K [0x0000000080000000, 0x0000000100000000)
  region size 1024K, 53 young (54272K), 2 survivors (2048K)
 Metaspace       used 70011K, committed 70528K, reserved 1114112K
  class space    used 9361K, committed 9600K, reserved 1048576K
}
Event: 18.019 GC heap after
{Heap after GC invocations=30 (full 0):
 garbage-first heap   total 165888K, used 73195K [0x0000000080000000, 0x0000000100000000)
  region size 1024K, 6 young (6144K), 6 survivors (6144K)
 Metaspace       used 70011K, committed 70528K, reserved 1114112K
  class space    used 9361K, committed 9600K, reserved 1048576K
}
Event: 18.047 GC heap before
{Heap before GC invocations=30 (full 0):
 garbage-first heap   total 165888K, used 75243K [0x0000000080000000, 0x0000000100000000)
  region size 1024K, 8 young (8192K), 6 survivors (6144K)
 Metaspace       used 70235K, committed 70848K, reserved 1114112K
  class space    used 9376K, committed 9664K, reserved 1048576K
}
Event: 18.057 GC heap after
{Heap after GC invocations=31 (full 0):
 garbage-first heap   total 165888K, used 73273K [0x0000000080000000, 0x0000000100000000)
  region size 1024K, 1 young (1024K), 1 survivors (1024K)
 Metaspace       used 70235K, committed 70848K, reserved 1114112K
  class space    used 9376K, committed 9664K, reserved 1048576K
}
Event: 19.159 GC heap before
{Heap before GC invocations=31 (full 0):
 garbage-first heap   total 165888K, used 124473K [0x0000000080000000, 0x0000000100000000)
  region size 1024K, 51 young (52224K), 1 survivors (1024K)
 Metaspace       used 74635K, committed 75264K, reserved 1114112K
  class space    used 9941K, committed 10240K, reserved 1048576K
}
Event: 19.164 GC heap after
{Heap after GC invocations=32 (full 0):
 garbage-first heap   total 165888K, used 75303K [0x0000000080000000, 0x0000000100000000)
  region size 1024K, 3 young (3072K), 3 survivors (3072K)
 Metaspace       used 74635K, committed 75264K, reserved 1114112K
  class space    used 9941K, committed 10240K, reserved 1048576K
}
Event: 20.261 GC heap before
{Heap before GC invocations=32 (full 0):
 garbage-first heap   total 165888K, used 131623K [0x0000000080000000, 0x0000000100000000)
  region size 1024K, 54 young (55296K), 3 survivors (3072K)
 Metaspace       used 80062K, committed 80640K, reserved 1179648K
  class space    used 10705K, committed 10944K, reserved 1048576K
}
Event: 20.275 GC heap after
{Heap after GC invocations=33 (full 0):
 garbage-first heap   total 165888K, used 81996K [0x0000000080000000, 0x0000000100000000)
  region size 1024K, 6 young (6144K), 6 survivors (6144K)
 Metaspace       used 80062K, committed 80640K, reserved 1179648K
  class space    used 10705K, committed 10944K, reserved 1048576K
}
Event: 21.232 GC heap before
{Heap before GC invocations=33 (full 0):
 garbage-first heap   total 165888K, used 131148K [0x0000000080000000, 0x0000000100000000)
  region size 1024K, 54 young (55296K), 6 survivors (6144K)
 Metaspace       used 81992K, committed 82560K, reserved 1179648K
  class space    used 10986K, committed 11264K, reserved 1048576K
}
Event: 21.249 GC heap after
{Heap after GC invocations=34 (full 0):
 garbage-first heap   total 165888K, used 85341K [0x0000000080000000, 0x0000000100000000)
  region size 1024K, 6 young (6144K), 6 survivors (6144K)
 Metaspace       used 81992K, committed 82560K, reserved 1179648K
  class space    used 10986K, committed 11264K, reserved 1048576K
}
Event: 22.127 GC heap before
{Heap before GC invocations=34 (full 0):
 garbage-first heap   total 165888K, used 132445K [0x0000000080000000, 0x0000000100000000)
  region size 1024K, 52 young (53248K), 6 survivors (6144K)
 Metaspace       used 84197K, committed 84800K, reserved 1179648K
  class space    used 11286K, committed 11584K, reserved 1048576K
}
Event: 22.144 GC heap after
{Heap after GC invocations=35 (full 0):
 garbage-first heap   total 165888K, used 88716K [0x0000000080000000, 0x0000000100000000)
  region size 1024K, 7 young (7168K), 7 survivors (7168K)
 Metaspace       used 84197K, committed 84800K, reserved 1179648K
  class space    used 11286K, committed 11584K, reserved 1048576K
}
Event: 23.270 GC heap before
{Heap before GC invocations=35 (full 0):
 garbage-first heap   total 165888K, used 135820K [0x0000000080000000, 0x0000000100000000)
  region size 1024K, 52 young (53248K), 7 survivors (7168K)
 Metaspace       used 87433K, committed 88064K, reserved 1179648K
  class space    used 11873K, committed 12160K, reserved 1048576K
}

