# JRE version: OpenJDK Runtime Environment (17.0.11) (build 17.0.11+0--11852314)
# Java VM: OpenJDK 64-Bit Server VM (17.0.11+0--11852314, mixed mode, tiered, compressed oops, compressed class ptrs, g1 gc, windows-amd64)
GC Precious Log:
 CPUs: 4 total, 4 available
 Memory: 8080M
 Large Page Support: Disabled
 NUMA Support: Disabled
 Compressed Oops: Enabled (32-bit)
 Heap Region Size: 1M
 Heap Min Capacity: 8M
 Heap Initial Capacity: 128M
 Heap Max Capacity: 2G
 Pre-touch: Disabled
 Parallel Workers: 4
 Concurrent Workers: 1
 Concurrent Refinement Workers: 4
 Periodic GC: Disabled
Heap:
 garbage-first heap   total 231424K, used 150358K [0x0000000080000000, 0x0000000100000000)
  region size 1024K, 63 young (64512K), 9 survivors (9216K)
 Metaspace       used 102066K, committed 102784K, reserved 1179648K
  class space    used 13961K, committed 14272K, reserved 1048576K
GC Heap History (20 events):
Event: 15.744 GC heap before
{Heap before GC invocations=26 (full 0):
 garbage-first heap   total 121856K, used 68723K [0x0000000080000000, 0x0000000100000000)
  region size 1024K, 5 young (5120K), 2 survivors (2048K)
 Metaspace       used 61018K, committed 61568K, reserved 1114112K
  class space    used 8256K, committed 8512K, reserved 1048576K
}
Event: 15.749 GC heap after
{Heap after GC invocations=27 (full 0):
 garbage-first heap   total 121856K, used 66726K [0x0000000080000000, 0x0000000100000000)
  region size 1024K, 1 young (1024K), 1 survivors (1024K)
 Metaspace       used 61018K, committed 61568K, reserved 1114112K
  class space    used 8256K, committed 8512K, reserved 1048576K
}
Event: 16.406 GC heap before
{Heap before GC invocations=27 (full 0):
 garbage-first heap   total 121856K, used 95398K [0x0000000080000000, 0x0000000100000000)
  region size 1024K, 29 young (29696K), 1 survivors (1024K)
 Metaspace       used 64271K, committed 64832K, reserved 1114112K
  class space    used 8608K, committed 8832K, reserved 1048576K
}
Event: 16.409 GC heap after
{Heap after GC invocations=28 (full 0):
 garbage-first heap   total 121856K, used 67277K [0x0000000080000000, 0x0000000100000000)
  region size 1024K, 1 young (1024K), 1 survivors (1024K)
 Metaspace       used 64271K, committed 64832K, reserved 1114112K
  class space    used 8608K, committed 8832K, reserved 1048576K
}
Event: 17.145 GC heap before
{Heap before GC invocations=29 (full 0):
 garbage-first heap   total 121856K, used 96973K [0x0000000080000000, 0x0000000100000000)
  region size 1024K, 30 young (30720K), 1 survivors (1024K)
 Metaspace       used 67451K, committed 67968K, reserved 1114112K
  class space    used 8996K, committed 9216K, reserved 1048576K
}
Event: 17.150 GC heap after
{Heap after GC invocations=30 (full 0):
 garbage-first heap   total 121856K, used 68345K [0x0000000080000000, 0x0000000100000000)
  region size 1024K, 2 young (2048K), 2 survivors (2048K)
 Metaspace       used 67451K, committed 67968K, reserved 1114112K
  class space    used 8996K, committed 9216K, reserved 1048576K
}
Event: 17.270 GC heap before
{Heap before GC invocations=30 (full 0):
 garbage-first heap   total 121856K, used 71417K [0x0000000080000000, 0x0000000100000000)
  region size 1024K, 5 young (5120K), 2 survivors (2048K)
 Metaspace       used 67750K, committed 68288K, reserved 1114112K
  class space    used 9051K, committed 9280K, reserved 1048576K
}
Event: 17.281 GC heap after
{Heap after GC invocations=31 (full 0):
 garbage-first heap   total 121856K, used 68040K [0x0000000080000000, 0x0000000100000000)
  region size 1024K, 1 young (1024K), 1 survivors (1024K)
 Metaspace       used 67750K, committed 68288K, reserved 1114112K
  class space    used 9051K, committed 9280K, reserved 1048576K
}
Event: 17.854 GC heap before
{Heap before GC invocations=31 (full 0):
 garbage-first heap   total 121856K, used 102856K [0x0000000080000000, 0x0000000100000000)
  region size 1024K, 30 young (30720K), 1 survivors (1024K)
 Metaspace       used 70057K, committed 70720K, reserved 1114112K
  class space    used 9366K, committed 9664K, reserved 1048576K
}
Event: 17.863 GC heap after
{Heap after GC invocations=32 (full 0):
 garbage-first heap   total 231424K, used 72842K [0x0000000080000000, 0x0000000100000000)
  region size 1024K, 4 young (4096K), 4 survivors (4096K)
 Metaspace       used 70057K, committed 70720K, reserved 1114112K
  class space    used 9366K, committed 9664K, reserved 1048576K
}
Event: 20.439 GC heap before
{Heap before GC invocations=33 (full 0):
 garbage-first heap   total 231424K, used 178314K [0x0000000080000000, 0x0000000100000000)
  region size 1024K, 103 young (105472K), 4 survivors (4096K)
 Metaspace       used 79569K, committed 80128K, reserved 1179648K
  class space    used 10642K, committed 10880K, reserved 1048576K
}
Event: 20.454 GC heap after
{Heap after GC invocations=34 (full 0):
 garbage-first heap   total 231424K, used 82386K [0x0000000080000000, 0x0000000100000000)
  region size 1024K, 10 young (10240K), 10 survivors (10240K)
 Metaspace       used 79569K, committed 80128K, reserved 1179648K
  class space    used 10642K, committed 10880K, reserved 1048576K
}
Event: 20.474 GC heap before
{Heap before GC invocations=34 (full 0):
 garbage-first heap   total 231424K, used 82386K [0x0000000080000000, 0x0000000100000000)
  region size 1024K, 11 young (11264K), 10 survivors (10240K)
 Metaspace       used 79686K, committed 80256K, reserved 1179648K
  class space    used 10661K, committed 10880K, reserved 1048576K
}
Event: 20.485 GC heap after
{Heap after GC invocations=35 (full 0):
 garbage-first heap   total 231424K, used 83261K [0x0000000080000000, 0x0000000100000000)
  region size 1024K, 2 young (2048K), 2 survivors (2048K)
 Metaspace       used 79686K, committed 80256K, reserved 1179648K
  class space    used 10661K, committed 10880K, reserved 1048576K
}
Event: 22.197 GC heap before
{Heap before GC invocations=35 (full 0):
 garbage-first heap   total 231424K, used 181565K [0x0000000080000000, 0x0000000100000000)
  region size 1024K, 98 young (100352K), 2 survivors (2048K)
 Metaspace       used 84088K, committed 84672K, reserved 1179648K
  class space    used 11287K, committed 11520K, reserved 1048576K
}
Event: 22.208 GC heap after
{Heap after GC invocations=36 (full 0):
 garbage-first heap   total 231424K, used 88300K [0x0000000080000000, 0x0000000100000000)
  region size 1024K, 7 young (7168K), 7 survivors (7168K)
 Metaspace       used 84088K, committed 84672K, reserved 1179648K
  class space    used 11287K, committed 11520K, reserved 1048576K
}
Event: 24.195 GC heap before
{Heap before GC invocations=36 (full 0):
 garbage-first heap   total 231424K, used 183532K [0x0000000080000000, 0x0000000100000000)
  region size 1024K, 100 young (102400K), 7 survivors (7168K)
 Metaspace       used 90869K, committed 91520K, reserved 1179648K
  class space    used 12424K, committed 12736K, reserved 1048576K
}
Event: 24.210 GC heap after
{Heap after GC invocations=37 (full 0):
 garbage-first heap   total 231424K, used 92128K [0x0000000080000000, 0x0000000100000000)
  region size 1024K, 10 young (10240K), 10 survivors (10240K)
 Metaspace       used 90869K, committed 91520K, reserved 1179648K
  class space    used 12424K, committed 12736K, reserved 1048576K
}
Event: 26.677 GC heap before
{Heap before GC invocations=37 (full 0):
 garbage-first heap   total 231424K, used 188384K [0x0000000080000000, 0x0000000100000000)
  region size 1024K, 104 young (106496K), 10 survivors (10240K)
 Metaspace       used 98941K, committed 99584K, reserved 1179648K
  class space    used 13574K, committed 13888K, reserved 1048576K
}
Event: 26.723 GC heap after
{Heap after GC invocations=38 (full 0):
 garbage-first heap   total 231424K, used 97110K [0x0000000080000000, 0x0000000100000000)
  region size 1024K, 9 young (9216K), 9 survivors (9216K)
 Metaspace       used 98941K, committed 99584K, reserved 1179648K
  class space    used 13574K, committed 13888K, reserved 1048576K
}

