# JRE version: OpenJDK Runtime Environment (17.0.11) (build 17.0.11+0--11852314)
# Java VM: OpenJDK 64-Bit Server VM (17.0.11+0--11852314, mixed mode, tiered, compressed oops, compressed class ptrs, g1 gc, windows-amd64)
GC Precious Log:
 CPUs: 4 total, 4 available
 Memory: 8080M
 Large Page Support: Disabled
 NUMA Support: Disabled
 Compressed Oops: Enabled (32-bit)
 Heap Region Size: 1M
 Heap Min Capacity: 8M
 Heap Initial Capacity: 128M
 Heap Max Capacity: 2G
 Pre-touch: Disabled
 Parallel Workers: 4
 Concurrent Workers: 1
 Concurrent Refinement Workers: 4
 Periodic GC: Disabled
Heap:
 garbage-first heap   total 178176K, used 99960K [0x0000000080000000, 0x0000000100000000)
  region size 1024K, 6 young (6144K), 6 survivors (6144K)
 Metaspace       used 95561K, committed 96192K, reserved 1179648K
  class space    used 13102K, committed 13376K, reserved 1048576K
GC Heap History (20 events):
Event: 14.266 GC heap after
{Heap after GC invocations=26 (full 0):
 garbage-first heap   total 121856K, used 66091K [0x0000000080000000, 0x0000000100000000)
  region size 1024K, 1 young (1024K), 1 survivors (1024K)
 Metaspace       used 60632K, committed 61184K, reserved 1114112K
  class space    used 8205K, committed 8448K, reserved 1048576K
}
Event: 15.154 GC heap before
{Heap before GC invocations=26 (full 0):
 garbage-first heap   total 121856K, used 88619K [0x0000000080000000, 0x0000000100000000)
  region size 1024K, 24 young (24576K), 1 survivors (1024K)
 Metaspace       used 63028K, committed 63616K, reserved 1114112K
  class space    used 8460K, committed 8704K, reserved 1048576K
}
Event: 15.158 GC heap after
{Heap after GC invocations=27 (full 0):
 garbage-first heap   total 178176K, used 66583K [0x0000000080000000, 0x0000000100000000)
  region size 1024K, 1 young (1024K), 1 survivors (1024K)
 Metaspace       used 63028K, committed 63616K, reserved 1114112K
  class space    used 8460K, committed 8704K, reserved 1048576K
}
Event: 16.966 GC heap before
{Heap before GC invocations=28 (full 0):
 garbage-first heap   total 178176K, used 123927K [0x0000000080000000, 0x0000000100000000)
  region size 1024K, 56 young (57344K), 1 survivors (1024K)
 Metaspace       used 69622K, committed 70208K, reserved 1114112K
  class space    used 9282K, committed 9536K, reserved 1048576K
}
Event: 16.975 GC heap after
{Heap after GC invocations=29 (full 0):
 garbage-first heap   total 178176K, used 70549K [0x0000000080000000, 0x0000000100000000)
  region size 1024K, 4 young (4096K), 4 survivors (4096K)
 Metaspace       used 69622K, committed 70208K, reserved 1114112K
  class space    used 9282K, committed 9536K, reserved 1048576K
}
Event: 17.006 GC heap before
{Heap before GC invocations=29 (full 0):
 garbage-first heap   total 178176K, used 77717K [0x0000000080000000, 0x0000000100000000)
  region size 1024K, 8 young (8192K), 4 survivors (4096K)
 Metaspace       used 69622K, committed 70208K, reserved 1114112K
  class space    used 9282K, committed 9536K, reserved 1048576K
}
Event: 17.015 GC heap after
{Heap after GC invocations=30 (full 0):
 garbage-first heap   total 178176K, used 74456K [0x0000000080000000, 0x0000000100000000)
  region size 1024K, 1 young (1024K), 1 survivors (1024K)
 Metaspace       used 69622K, committed 70208K, reserved 1114112K
  class space    used 9282K, committed 9536K, reserved 1048576K
}
Event: 18.229 GC heap before
{Heap before GC invocations=30 (full 0):
 garbage-first heap   total 178176K, used 131800K [0x0000000080000000, 0x0000000100000000)
  region size 1024K, 57 young (58368K), 1 survivors (1024K)
 Metaspace       used 73441K, committed 74048K, reserved 1114112K
  class space    used 9774K, committed 10048K, reserved 1048576K
}
Event: 18.239 GC heap after
{Heap after GC invocations=31 (full 0):
 garbage-first heap   total 178176K, used 78447K [0x0000000080000000, 0x0000000100000000)
  region size 1024K, 4 young (4096K), 4 survivors (4096K)
 Metaspace       used 73441K, committed 74048K, reserved 1114112K
  class space    used 9774K, committed 10048K, reserved 1048576K
}
Event: 19.651 GC heap before
{Heap before GC invocations=31 (full 0):
 garbage-first heap   total 178176K, used 139887K [0x0000000080000000, 0x0000000100000000)
  region size 1024K, 60 young (61440K), 4 survivors (4096K)
 Metaspace       used 79838K, committed 80448K, reserved 1179648K
  class space    used 10674K, committed 10944K, reserved 1048576K
}
Event: 19.662 GC heap after
{Heap after GC invocations=32 (full 0):
 garbage-first heap   total 178176K, used 85470K [0x0000000080000000, 0x0000000100000000)
  region size 1024K, 7 young (7168K), 7 survivors (7168K)
 Metaspace       used 79838K, committed 80448K, reserved 1179648K
  class space    used 10674K, committed 10944K, reserved 1048576K
}
Event: 20.806 GC heap before
{Heap before GC invocations=32 (full 0):
 garbage-first heap   total 178176K, used 138718K [0x0000000080000000, 0x0000000100000000)
  region size 1024K, 59 young (60416K), 7 survivors (7168K)
 Metaspace       used 82059K, committed 82624K, reserved 1179648K
  class space    used 10997K, committed 11264K, reserved 1048576K
}
Event: 20.850 GC heap after
{Heap after GC invocations=33 (full 0):
 garbage-first heap   total 178176K, used 89235K [0x0000000080000000, 0x0000000100000000)
  region size 1024K, 7 young (7168K), 7 survivors (7168K)
 Metaspace       used 82059K, committed 82624K, reserved 1179648K
  class space    used 10997K, committed 11264K, reserved 1048576K
}
Event: 21.726 GC heap before
{Heap before GC invocations=33 (full 0):
 garbage-first heap   total 178176K, used 140435K [0x0000000080000000, 0x0000000100000000)
  region size 1024K, 57 young (58368K), 7 survivors (7168K)
 Metaspace       used 84621K, committed 85248K, reserved 1179648K
  class space    used 11351K, committed 11648K, reserved 1048576K
}
Event: 21.739 GC heap after
{Heap after GC invocations=34 (full 0):
 garbage-first heap   total 178176K, used 92684K [0x0000000080000000, 0x0000000100000000)
  region size 1024K, 7 young (7168K), 7 survivors (7168K)
 Metaspace       used 84621K, committed 85248K, reserved 1179648K
  class space    used 11351K, committed 11648K, reserved 1048576K
}
Event: 22.782 GC heap before
{Heap before GC invocations=34 (full 0):
 garbage-first heap   total 178176K, used 144908K [0x0000000080000000, 0x0000000100000000)
  region size 1024K, 57 young (58368K), 7 survivors (7168K)
 Metaspace       used 88225K, committed 88768K, reserved 1179648K
  class space    used 12030K, committed 12288K, reserved 1048576K
}
Event: 22.795 GC heap after
{Heap after GC invocations=35 (full 0):
 garbage-first heap   total 178176K, used 94667K [0x0000000080000000, 0x0000000100000000)
  region size 1024K, 5 young (5120K), 5 survivors (5120K)
 Metaspace       used 88225K, committed 88768K, reserved 1179648K
  class space    used 12030K, committed 12288K, reserved 1048576K
}
Event: 23.981 GC heap before
{Heap before GC invocations=35 (full 0):
 garbage-first heap   total 178176K, used 145867K [0x0000000080000000, 0x0000000100000000)
  region size 1024K, 55 young (56320K), 5 survivors (5120K)
 Metaspace       used 91795K, committed 92480K, reserved 1179648K
  class space    used 12549K, committed 12864K, reserved 1048576K
}
Event: 23.998 GC heap after
{Heap after GC invocations=36 (full 0):
 garbage-first heap   total 178176K, used 96754K [0x0000000080000000, 0x0000000100000000)
  region size 1024K, 4 young (4096K), 4 survivors (4096K)
 Metaspace       used 91795K, committed 92480K, reserved 1179648K
  class space    used 12549K, committed 12864K, reserved 1048576K
}
Event: 25.450 GC heap before
{Heap before GC invocations=36 (full 0):
 garbage-first heap   total 178176K, used 146930K [0x0000000080000000, 0x0000000100000000)
  region size 1024K, 53 young (54272K), 4 survivors (4096K)
 Metaspace       used 95561K, committed 96192K, reserved 1179648K
  class space    used 13102K, committed 13376K, reserved 1048576K
}

