# JRE version: OpenJDK Runtime Environment (17.0.11) (build 17.0.11+0--11852314)
# Java VM: OpenJDK 64-Bit Server VM (17.0.11+0--11852314, mixed mode, tiered, compressed oops, compressed class ptrs, g1 gc, windows-amd64)
GC Precious Log:
 CPUs: 4 total, 4 available
 Memory: 8080M
 Large Page Support: Disabled
 NUMA Support: Disabled
 Compressed Oops: Enabled (32-bit)
 Heap Region Size: 1M
 Heap Min Capacity: 8M
 Heap Initial Capacity: 128M
 Heap Max Capacity: 2G
 Pre-touch: Disabled
 Parallel Workers: 4
 Concurrent Workers: 1
 Concurrent Refinement Workers: 4
 Periodic GC: Disabled
Heap:
 garbage-first heap   total 231424K, used 168390K [0x0000000080000000, 0x0000000100000000)
  region size 1024K, 93 young (95232K), 12 survivors (12288K)
 Metaspace       used 90301K, committed 90944K, reserved 1179648K
  class space    used 12055K, committed 12352K, reserved 1048576K
GC Heap History (20 events):
Event: 118.605 GC heap before
{Heap before GC invocations=17 (full 0):
 garbage-first heap   total 100352K, used 78769K [0x0000000080000000, 0x0000000100000000)
  region size 1024K, 43 young (44032K), 4 survivors (4096K)
 Metaspace       used 64740K, committed 65344K, reserved 1114112K
  class space    used 8720K, committed 8960K, reserved 1048576K
}
Event: 118.630 GC heap after
{Heap after GC invocations=18 (full 0):
 garbage-first heap   total 100352K, used 45680K [0x0000000080000000, 0x0000000100000000)
  region size 1024K, 6 young (6144K), 6 survivors (6144K)
 Metaspace       used 64740K, committed 65344K, reserved 1114112K
  class space    used 8720K, committed 8960K, reserved 1048576K
}
Event: 120.664 GC heap before
{Heap before GC invocations=19 (full 0):
 garbage-first heap   total 100352K, used 77424K [0x0000000080000000, 0x0000000100000000)
  region size 1024K, 38 young (38912K), 6 survivors (6144K)
 Metaspace       used 65103K, committed 65600K, reserved 1114112K
  class space    used 8725K, committed 8960K, reserved 1048576K
}
Event: 120.689 GC heap after
{Heap after GC invocations=20 (full 0):
 garbage-first heap   total 100352K, used 47606K [0x0000000080000000, 0x0000000100000000)
  region size 1024K, 4 young (4096K), 4 survivors (4096K)
 Metaspace       used 65103K, committed 65600K, reserved 1114112K
  class space    used 8725K, committed 8960K, reserved 1048576K
}
Event: 121.012 GC heap before
{Heap before GC invocations=20 (full 0):
 garbage-first heap   total 100352K, used 55798K [0x0000000080000000, 0x0000000100000000)
  region size 1024K, 13 young (13312K), 4 survivors (4096K)
 Metaspace       used 65312K, committed 65920K, reserved 1114112K
  class space    used 8756K, committed 9024K, reserved 1048576K
}
Event: 121.021 GC heap after
{Heap after GC invocations=21 (full 0):
 garbage-first heap   total 100352K, used 48470K [0x0000000080000000, 0x0000000100000000)
  region size 1024K, 2 young (2048K), 2 survivors (2048K)
 Metaspace       used 65312K, committed 65920K, reserved 1114112K
  class space    used 8756K, committed 9024K, reserved 1048576K
}
Event: 122.617 GC heap before
{Heap before GC invocations=22 (full 0):
 garbage-first heap   total 100352K, used 89430K [0x0000000080000000, 0x0000000100000000)
  region size 1024K, 29 young (29696K), 2 survivors (2048K)
 Metaspace       used 66712K, committed 67264K, reserved 1114112K
  class space    used 8940K, committed 9152K, reserved 1048576K
}
Event: 122.627 GC heap after
{Heap after GC invocations=23 (full 0):
 garbage-first heap   total 101376K, used 69815K [0x0000000080000000, 0x0000000100000000)
  region size 1024K, 4 young (4096K), 4 survivors (4096K)
 Metaspace       used 66712K, committed 67264K, reserved 1114112K
  class space    used 8940K, committed 9152K, reserved 1048576K
}
Event: 122.649 GC heap before
{Heap before GC invocations=23 (full 0):
 garbage-first heap   total 101376K, used 70839K [0x0000000080000000, 0x0000000100000000)
  region size 1024K, 5 young (5120K), 4 survivors (4096K)
 Metaspace       used 66774K, committed 67328K, reserved 1114112K
  class space    used 8950K, committed 9216K, reserved 1048576K
}
Event: 122.656 GC heap after
{Heap after GC invocations=24 (full 0):
 garbage-first heap   total 101376K, used 70061K [0x0000000080000000, 0x0000000100000000)
  region size 1024K, 1 young (1024K), 1 survivors (1024K)
 Metaspace       used 66774K, committed 67328K, reserved 1114112K
  class space    used 8950K, committed 9216K, reserved 1048576K
}
Event: 122.969 GC heap before
{Heap before GC invocations=24 (full 0):
 garbage-first heap   total 101376K, used 82349K [0x0000000080000000, 0x0000000100000000)
  region size 1024K, 14 young (14336K), 1 survivors (1024K)
 Metaspace       used 67842K, committed 68416K, reserved 1114112K
  class space    used 9093K, committed 9344K, reserved 1048576K
}
Event: 122.972 GC heap after
{Heap after GC invocations=25 (full 0):
 garbage-first heap   total 101376K, used 69971K [0x0000000080000000, 0x0000000100000000)
  region size 1024K, 1 young (1024K), 1 survivors (1024K)
 Metaspace       used 67842K, committed 68416K, reserved 1114112K
  class space    used 9093K, committed 9344K, reserved 1048576K
}
Event: 123.435 GC heap before
{Heap before GC invocations=26 (full 0):
 garbage-first heap   total 132096K, used 83283K [0x0000000080000000, 0x0000000100000000)
  region size 1024K, 14 young (14336K), 1 survivors (1024K)
 Metaspace       used 68954K, committed 69568K, reserved 1114112K
  class space    used 9244K, committed 9536K, reserved 1048576K
}
Event: 123.441 GC heap after
{Heap after GC invocations=27 (full 0):
 garbage-first heap   total 132096K, used 70476K [0x0000000080000000, 0x0000000100000000)
  region size 1024K, 1 young (1024K), 1 survivors (1024K)
 Metaspace       used 68954K, committed 69568K, reserved 1114112K
  class space    used 9244K, committed 9536K, reserved 1048576K
}
Event: 123.658 GC heap before
{Heap before GC invocations=27 (full 0):
 garbage-first heap   total 132096K, used 75596K [0x0000000080000000, 0x0000000100000000)
  region size 1024K, 6 young (6144K), 1 survivors (1024K)
 Metaspace       used 69446K, committed 70016K, reserved 1114112K
  class space    used 9291K, committed 9536K, reserved 1048576K
}
Event: 123.668 GC heap after
{Heap after GC invocations=28 (full 0):
 garbage-first heap   total 231424K, used 70130K [0x0000000080000000, 0x0000000100000000)
  region size 1024K, 1 young (1024K), 1 survivors (1024K)
 Metaspace       used 69446K, committed 70016K, reserved 1114112K
  class space    used 9291K, committed 9536K, reserved 1048576K
}
Event: 126.651 GC heap before
{Heap before GC invocations=28 (full 0):
 garbage-first heap   total 231424K, used 164338K [0x0000000080000000, 0x0000000100000000)
  region size 1024K, 88 young (90112K), 1 survivors (1024K)
 Metaspace       used 77276K, committed 77952K, reserved 1179648K
  class space    used 10269K, committed 10560K, reserved 1048576K
}
Event: 126.661 GC heap after
{Heap after GC invocations=29 (full 0):
 garbage-first heap   total 231424K, used 76643K [0x0000000080000000, 0x0000000100000000)
  region size 1024K, 6 young (6144K), 6 survivors (6144K)
 Metaspace       used 77276K, committed 77952K, reserved 1179648K
  class space    used 10269K, committed 10560K, reserved 1048576K
}
Event: 129.645 GC heap before
{Heap before GC invocations=29 (full 0):
 garbage-first heap   total 231424K, used 185187K [0x0000000080000000, 0x0000000100000000)
  region size 1024K, 108 young (110592K), 6 survivors (6144K)
 Metaspace       used 87107K, committed 87744K, reserved 1179648K
  class space    used 11615K, committed 11904K, reserved 1048576K
}
Event: 129.671 GC heap after
{Heap after GC invocations=30 (full 0):
 garbage-first heap   total 231424K, used 86470K [0x0000000080000000, 0x0000000100000000)
  region size 1024K, 12 young (12288K), 12 survivors (12288K)
 Metaspace       used 87107K, committed 87744K, reserved 1179648K
  class space    used 11615K, committed 11904K, reserved 1048576K
}

