# JRE version: OpenJDK Runtime Environment (17.0.11) (build 17.0.11+0--11852314)
# Java VM: OpenJDK 64-Bit Server VM (17.0.11+0--11852314, mixed mode, tiered, compressed oops, compressed class ptrs, g1 gc, windows-amd64)
GC Precious Log:
 CPUs: 4 total, 4 available
 Memory: 8080M
 Large Page Support: Disabled
 NUMA Support: Disabled
 Compressed Oops: Enabled (32-bit)
 Heap Region Size: 1M
 Heap Min Capacity: 8M
 Heap Initial Capacity: 128M
 Heap Max Capacity: 2G
 Pre-touch: Disabled
 Parallel Workers: 4
 Concurrent Workers: 1
 Concurrent Refinement Workers: 4
 Periodic GC: Disabled
Heap:
 garbage-first heap   total 222208K, used 120314K [0x0000000080000000, 0x0000000100000000)
  region size 1024K, 33 young (33792K), 8 survivors (8192K)
 Metaspace       used 99290K, committed 100032K, reserved 1179648K
  class space    used 13606K, committed 13952K, reserved 1048576K
GC Heap History (20 events):
Event: 17.960 GC heap before
{Heap before GC invocations=24 (full 0):
 garbage-first heap   total 121856K, used 69444K [0x0000000080000000, 0x0000000100000000)
  region size 1024K, 5 young (5120K), 2 survivors (2048K)
 Metaspace       used 62189K, committed 62784K, reserved 1114112K
  class space    used 8344K, committed 8576K, reserved 1048576K
}
Event: 17.967 GC heap after
{Heap after GC invocations=25 (full 0):
 garbage-first heap   total 121856K, used 67231K [0x0000000080000000, 0x0000000100000000)
  region size 1024K, 1 young (1024K), 1 survivors (1024K)
 Metaspace       used 62189K, committed 62784K, reserved 1114112K
  class space    used 8344K, committed 8576K, reserved 1048576K
}
Event: 20.698 GC heap before
{Heap before GC invocations=25 (full 0):
 garbage-first heap   total 121856K, used 97951K [0x0000000080000000, 0x0000000100000000)
  region size 1024K, 31 young (31744K), 1 survivors (1024K)
 Metaspace       used 65620K, committed 66176K, reserved 1114112K
  class space    used 8709K, committed 8896K, reserved 1048576K
}
Event: 20.701 GC heap after
{Heap after GC invocations=26 (full 0):
 garbage-first heap   total 121856K, used 67841K [0x0000000080000000, 0x0000000100000000)
  region size 1024K, 1 young (1024K), 1 survivors (1024K)
 Metaspace       used 65620K, committed 66176K, reserved 1114112K
  class space    used 8709K, committed 8896K, reserved 1048576K
}
Event: 24.250 GC heap before
{Heap before GC invocations=27 (full 0):
 garbage-first heap   total 121856K, used 99585K [0x0000000080000000, 0x0000000100000000)
  region size 1024K, 32 young (32768K), 1 survivors (1024K)
 Metaspace       used 69422K, committed 70080K, reserved 1114112K
  class space    used 9249K, committed 9536K, reserved 1048576K
}
Event: 24.255 GC heap after
{Heap after GC invocations=28 (full 0):
 garbage-first heap   total 121856K, used 70175K [0x0000000080000000, 0x0000000100000000)
  region size 1024K, 4 young (4096K), 4 survivors (4096K)
 Metaspace       used 69422K, committed 70080K, reserved 1114112K
  class space    used 9249K, committed 9536K, reserved 1048576K
}
Event: 24.414 GC heap before
{Heap before GC invocations=28 (full 0):
 garbage-first heap   total 121856K, used 70175K [0x0000000080000000, 0x0000000100000000)
  region size 1024K, 5 young (5120K), 4 survivors (4096K)
 Metaspace       used 69633K, committed 70272K, reserved 1114112K
  class space    used 9271K, committed 9536K, reserved 1048576K
}
Event: 24.420 GC heap after
{Heap after GC invocations=29 (full 0):
 garbage-first heap   total 121856K, used 69645K [0x0000000080000000, 0x0000000100000000)
  region size 1024K, 1 young (1024K), 1 survivors (1024K)
 Metaspace       used 69633K, committed 70272K, reserved 1114112K
  class space    used 9271K, committed 9536K, reserved 1048576K
}
Event: 26.199 GC heap before
{Heap before GC invocations=29 (full 0):
 garbage-first heap   total 121856K, used 104461K [0x0000000080000000, 0x0000000100000000)
  region size 1024K, 30 young (30720K), 1 survivors (1024K)
 Metaspace       used 71110K, committed 71680K, reserved 1114112K
  class space    used 9468K, committed 9728K, reserved 1048576K
}
Event: 26.205 GC heap after
{Heap after GC invocations=30 (full 0):
 garbage-first heap   total 222208K, used 73823K [0x0000000080000000, 0x0000000100000000)
  region size 1024K, 4 young (4096K), 4 survivors (4096K)
 Metaspace       used 71110K, committed 71680K, reserved 1114112K
  class space    used 9468K, committed 9728K, reserved 1048576K
}
Event: 29.793 GC heap before
{Heap before GC invocations=31 (full 0):
 garbage-first heap   total 222208K, used 165983K [0x0000000080000000, 0x0000000100000000)
  region size 1024K, 90 young (92160K), 4 survivors (4096K)
 Metaspace       used 79444K, committed 80000K, reserved 1179648K
  class space    used 10612K, committed 10880K, reserved 1048576K
}
Event: 29.818 GC heap after
{Heap after GC invocations=32 (full 0):
 garbage-first heap   total 222208K, used 82574K [0x0000000080000000, 0x0000000100000000)
  region size 1024K, 9 young (9216K), 9 survivors (9216K)
 Metaspace       used 79444K, committed 80000K, reserved 1179648K
  class space    used 10612K, committed 10880K, reserved 1048576K
}
Event: 29.845 GC heap before
{Heap before GC invocations=32 (full 0):
 garbage-first heap   total 222208K, used 83598K [0x0000000080000000, 0x0000000100000000)
  region size 1024K, 10 young (10240K), 9 survivors (9216K)
 Metaspace       used 79582K, committed 80192K, reserved 1179648K
  class space    used 10630K, committed 10944K, reserved 1048576K
}
Event: 29.872 GC heap after
{Heap after GC invocations=33 (full 0):
 garbage-first heap   total 222208K, used 82869K [0x0000000080000000, 0x0000000100000000)
  region size 1024K, 1 young (1024K), 1 survivors (1024K)
 Metaspace       used 79582K, committed 80192K, reserved 1179648K
  class space    used 10630K, committed 10944K, reserved 1048576K
}
Event: 31.954 GC heap before
{Heap before GC invocations=33 (full 0):
 garbage-first heap   total 222208K, used 175029K [0x0000000080000000, 0x0000000100000000)
  region size 1024K, 91 young (93184K), 1 survivors (1024K)
 Metaspace       used 83748K, committed 84288K, reserved 1179648K
  class space    used 11207K, committed 11456K, reserved 1048576K
}
Event: 31.969 GC heap after
{Heap after GC invocations=34 (full 0):
 garbage-first heap   total 222208K, used 87925K [0x0000000080000000, 0x0000000100000000)
  region size 1024K, 6 young (6144K), 6 survivors (6144K)
 Metaspace       used 83748K, committed 84288K, reserved 1179648K
  class space    used 11207K, committed 11456K, reserved 1048576K
}
Event: 34.903 GC heap before
{Heap before GC invocations=34 (full 0):
 garbage-first heap   total 222208K, used 177013K [0x0000000080000000, 0x0000000100000000)
  region size 1024K, 93 young (95232K), 6 survivors (6144K)
 Metaspace       used 90026K, committed 90688K, reserved 1179648K
  class space    used 12288K, committed 12608K, reserved 1048576K
}
Event: 34.919 GC heap after
{Heap after GC invocations=35 (full 0):
 garbage-first heap   total 222208K, used 91545K [0x0000000080000000, 0x0000000100000000)
  region size 1024K, 10 young (10240K), 10 survivors (10240K)
 Metaspace       used 90026K, committed 90688K, reserved 1179648K
  class space    used 12288K, committed 12608K, reserved 1048576K
}
Event: 37.323 GC heap before
{Heap before GC invocations=35 (full 0):
 garbage-first heap   total 222208K, used 179609K [0x0000000080000000, 0x0000000100000000)
  region size 1024K, 96 young (98304K), 10 survivors (10240K)
 Metaspace       used 96526K, committed 97216K, reserved 1179648K
  class space    used 13269K, committed 13568K, reserved 1048576K
}
Event: 37.350 GC heap after
{Heap after GC invocations=36 (full 0):
 garbage-first heap   total 222208K, used 95738K [0x0000000080000000, 0x0000000100000000)
  region size 1024K, 8 young (8192K), 8 survivors (8192K)
 Metaspace       used 96526K, committed 97216K, reserved 1179648K
  class space    used 13269K, committed 13568K, reserved 1048576K
}

